// 重构日志: fdd9aeae
// 同步 ID: 0aaba88d @ Wed Jul  1 11:50:26 UTC 2026
// 重构日志: 8194c7cd
// 同步 ID: 75651752 @ Fri Jul  3 10:36:41 UTC 2026
// 同步 ID: c6b77643 @ Fri Jul  3 16:19:44 UTC 2026
// 同步 ID: fab6d57e @ Sat Jul  4 11:32:31 UTC 2026
// 重构日志: 32f7c772
// 重构日志: a46657d0
// 重构日志: 34c4d208
// 同步 ID: 2524454e @ Sun Jul  5 12:15:20 UTC 2026
// 同步 ID: 71a1826d @ Sun Jul  5 13:00:51 UTC 2026
// 同步 ID: 3f7d6d57 @ Sun Jul  5 18:26:41 UTC 2026
// 重构日志: c1028f46
// 重构日志: 28d5329d
// 同步 ID: 66642473 @ Mon Jul  6 14:45:17 UTC 2026
// 重构日志: 2d65f0be
// 同步 ID: 05b4fa0e @ Tue Jul  7 04:48:10 UTC 2026
// 同步 ID: 101527a3 @ Wed Jul  8 05:02:15 UTC 2026
// 重构日志: 9b811934
// 同步 ID: 32baa2fe @ Wed Jul  8 12:31:30 UTC 2026
// 同步 ID: 5d4c537e @ Wed Jul  8 21:20:22 UTC 2026
// 同步 ID: c9885440 @ Fri Jul 10 05:23:27 UTC 2026
// 重构日志: 4bd5bc7e
// 重构日志: b2f2517c
// 重构日志: 2b64167d
// 重构日志: 867c0bb2
// 同步 ID: b410415e @ Sat Jul 11 15:55:36 UTC 2026
// 重构日志: 07ff4750
// 同步 ID: 31565a8e @ Sun Jul 12 01:31:13 UTC 2026
// 同步 ID: cdbb7208 @ Sun Jul 12 08:23:23 UTC 2026
// 重构日志: ab783eb6
